<?xml version="1.0" encoding="UTF-8"?>
<!-- Generated by org.testng.reporters.JUnitXMLReporter -->
<testsuite ignored="1" hostname="Sanju" failures="0" tests="1" name="Default test" time="1.531" errors="0" timestamp="2024-08-04T10:22:38 IST">
  <testcase classname="BasicHttpRequests.ex2_getStudents" name="getAllRequest" time="1.506"/>
  <testcase classname="BasicHttpRequests.ex2_getStudents" name="getSingleStudnet" time="0.0">
    <ignored/>
  </testcase> <!-- getSingleStudnet -->
</testsuite> <!-- Default test -->
