<?xml version="1.0" encoding="UTF-8"?>
<!-- Generated by org.testng.reporters.JUnitXMLReporter -->
<testsuite ignored="0" hostname="Sanju" failures="0" tests="4" name="Test" time="1.814" errors="0" timestamp="2024-08-23T19:55:15 IST">
  <testcase classname="P9_FakerLibrary_APIChaining.stu1_CreateUser" name="test_CreateUser" time="1.618"/>
  <testcase classname="P9_FakerLibrary_APIChaining.stu2_GetUser" name="test2_GetUser" time="0.084"/>
  <testcase classname="P9_FakerLibrary_APIChaining.stu3_UpdateUser" name="test3_UpdateUser" time="0.047"/>
  <testcase classname="P9_FakerLibrary_APIChaining.stu4_DeleteUser" name="test4_DeleteUser" time="0.035"/>
</testsuite> <!-- Test -->
