<?xml version="1.0" encoding="UTF-8"?>
<!-- Generated by org.testng.reporters.JUnitXMLReporter -->
<testsuite ignored="0" hostname="Sanju" failures="1" tests="3" name="Test" time="0.292" errors="0" timestamp="2024-08-22T20:24:57 IST">
  <testcase classname="P8_ReportGenerationUsing_ExtentReporter.Sample1" name="TC1" time="0.009"/>
  <testcase classname="P8_ReportGenerationUsing_ExtentReporter.Sample1" name="TC2" time="0.001">
    <failure type="java.lang.AssertionError" message="Failed2: both resuts are diff expected [hi] but found [Hello]">
      <![CDATA[java.lang.AssertionError: Failed2: both resuts are diff expected [hi] but found [Hello]
at P8_ReportGenerationUsing_ExtentReporter.Sample1.TC2(Sample1.java:18)
at java.base/java.util.ArrayList.forEach(ArrayList.java:1541)
... Removed 32 stack frames]]>
    </failure>
  </testcase> <!-- TC2 -->
  <testcase classname="P8_ReportGenerationUsing_ExtentReporter.Sample1" name="TC3" time="0.002"/>
</testsuite> <!-- Test -->
