<?xml version="1.0" encoding="UTF-8"?>
<testng-results ignored="0" total="1" passed="1" failed="0" skipped="0">
  <reporter-output>
  </reporter-output>
  <suite started-at="2024-08-11T09:55:19 IST" name="Default suite" finished-at="2024-08-11T09:55:21 IST" duration-ms="1850">
    <groups>
    </groups>
    <test started-at="2024-08-11T09:55:19 IST" name="Default test" finished-at="2024-08-11T09:55:21 IST" duration-ms="1850">
      <class name="DiffrentWaysOfCreatingPostRequestPayload.ex4_CreatePostBody_Using_PojoClass">
        <test-method signature="TC1_postBodyUsingPojo()[pri:1, instance:DiffrentWaysOfCreatingPostRequestPayload.ex4_CreatePostBody_Using_PojoClass@1e04fa0a]" started-at="2024-08-11T09:55:19 IST" name="TC1_postBodyUsingPojo" finished-at="2024-08-11T09:55:21 IST" duration-ms="1820" status="PASS">
          <reporter-output>
          </reporter-output>
        </test-method> <!-- TC1_postBodyUsingPojo -->
      </class> <!-- DiffrentWaysOfCreatingPostRequestPayload.ex4_CreatePostBody_Using_PojoClass -->
    </test> <!-- Default test -->
  </suite> <!-- Default suite -->
</testng-results>
